<?xml version="1.0" encoding="UTF-8"?>
<!-- Generated by org.testng.reporters.JUnitReportReporter -->
<testsuite hostname="DESKTOP-46Q66HI" failures="0" tests="1" name="testCases.AccountRegistarionTest" time="3.768" errors="0" timestamp="2023-08-14T12:43:02 IST" skipped="0">
  <testcase classname="testCases.AccountRegistarionTest" name="testAccountregistrain" time="3.768"/>
</testsuite> <!-- testCases.AccountRegistarionTest -->
