<?xml version="1.0" encoding="UTF-8"?>
<!-- Generated by org.testng.reporters.JUnitReportReporter -->
<testsuite hostname="DESKTOP-46Q66HI" failures="0" tests="1" name="testCases.AddToCartTest" time="4.356" errors="0" timestamp="2023-08-14T12:43:02 IST" skipped="0">
  <testcase classname="testCases.AddToCartTest" name="TestAdd" time="4.356"/>
</testsuite> <!-- testCases.AddToCartTest -->
