<?xml version="1.0" encoding="UTF-8"?>
<!-- Generated by org.testng.reporters.JUnitReportReporter -->
<testsuite hostname="DESKTOP-46Q66HI" failures="0" tests="1" name="testCases.AccountRegistarionTest" time="4.408" errors="0" timestamp="2023-08-14T13:11:15 IST" skipped="0">
  <testcase classname="testCases.AccountRegistarionTest" name="testAccountregistrain" time="4.408"/>
</testsuite> <!-- testCases.AccountRegistarionTest -->
